Iteration	Posterior	Likelihood	Prior	rate_log_sd	rate_loss	tree_length
0	-2103.851	-2421.136	317.2847	2.136976	8.445974	0.558285
6	-2103.335	-2421.023	317.688	2.142339	6.360533	0.6135351
12	-2119.469	-2436.664	317.1945	2.198428	8.460733	0.6382217
18	-2113.776	-2431.184	317.4075	2.182644	7.525419	0.5854821
24	-2118.188	-2435.463	317.275	2.154782	8.375895	0.5779045
30	-2125.616	-2443.139	317.5222	1.914329	6.510339	1.072818
36	-2136.69	-2454.432	317.7423	2.171338	5.756921	0.733475
42	-2130.923	-2448.649	317.7259	2.142286	6.209841	0.6055977
48	-2152.567	-2470.089	317.5224	2.078963	7.055885	0.7557068
54	-2114.776	-2432.023	317.2473	2.030698	8.619142	0.7849518
60	-2129.402	-2446.834	317.4321	1.882906	7.796985	0.9249454
66	-2119.047	-2436.566	317.519	1.993022	6.62587	0.973598
72	-2105.906	-2423.47	317.5637	1.965328	6.781927	0.9191383
78	-2122.997	-2440.749	317.7519	1.807175	5.764135	1.122682
84	-2118.824	-2436.143	317.3193	2.105117	7.746244	0.8070576
90	-2108.786	-2426.237	317.4513	2.068556	7.387208	0.7743818
96	-2105.769	-2422.995	317.2258	2.078428	8.61991	0.7468497
102	-2094.22	-2411.306	317.0858	2.112399	9.31453	0.7251462
108	-2107.121	-2424.137	317.0153	2.204305	9.501115	0.6232291
114	-2088.969	-2406.291	317.3216	1.952763	7.721965	0.9830331
120	-2108.29	-2425.55	317.2598	1.832118	8.181408	1.075187
126	-2094.224	-2411.395	317.1714	1.951995	9.503898	0.7890378
132	-2094.614	-2411.98	317.3668	1.987678	7.765333	0.8877883
138	-2104.538	-2422.196	317.6586	1.92264	6.220425	0.9972511
144	-2109.055	-2426.312	317.2571	1.926822	8.592151	0.906184
150	-2101.208	-2418.461	317.2532	1.994195	8.745302	0.7960783
156	-2100.707	-2418.348	317.6414	1.997809	6.702864	0.8086768
162	-2111.789	-2429.109	317.3201	2.001209	8.5578	0.7377212
168	-2102.175	-2419.443	317.2688	2.087866	8.5578	0.6773369
174	-2098.583	-2415.957	317.3733	2.130402	7.771208	0.6773369
180	-2101.132	-2418.052	316.9199	2.104936	10.40992	0.7229615
186	-2107.922	-2425.04	317.1173	2.16741	9.155279	0.6033975
192	-2098.145	-2415.52	317.3746	2.051749	7.992599	0.7367532
198	-2086.108	-2403.41	317.3021	2.01215	7.777456	0.9299466
204	-2090.615	-2407.923	317.3083	1.992595	7.977208	0.9023613
210	-2095.893	-2413.291	317.3986	1.942503	7.585338	0.9416914
216	-2086.501	-2403.681	317.1797	1.942503	8.994193	0.896252
222	-2094.866	-2412.308	317.4419	1.961248	7.622323	0.8638092
228	-2089.463	-2407.011	317.548	1.806673	7.15643	1.01693
234	-2100.277	-2417.839	317.5617	1.766871	7.292674	1.014939
240	-2103.438	-2420.585	317.1472	1.68275	8.431802	1.2641
246	-2110.002	-2427.386	317.3834	1.646189	7.391345	1.2641
252	-2126.343	-2443.577	317.2343	1.977781	7.329874	1.117501
258	-2108.095	-2425.331	317.2363	1.977781	7.335072	1.11472
264	-2094.356	-2411.313	316.9565	2.000153	9.924253	0.9095703
270	-2103.866	-2421.356	317.4898	1.945604	7.26489	0.9095703
276	-2105.853	-2423.121	317.2679	1.942949	7.623464	1.064109
282	-2121.878	-2439.301	317.4228	1.724863	7.05715	1.223238
288	-2116.735	-2434.287	317.5518	1.789553	7.177065	1.025857
294	-2116.3	-2433.959	317.6589	1.884422	6.258963	1.025857
300	-2104.606	-2421.875	317.2694	1.780441	8.050147	1.136156
306	-2103.559	-2421.201	317.6428	1.91331	6.629226	0.9262897
312	-2112.233	-2429.575	317.3424	2.066262	7.839999	0.8037071
318	-2119.517	-2436.771	317.254	1.923581	8.471925	0.9367436
324	-2106.867	-2423.877	317.0102	2.014361	9.314516	0.9436141
330	-2111.057	-2428.278	317.2216	1.979664	8.784501	0.8462787
336	-2114.205	-2431.745	317.5407	1.992122	7.202917	0.8081953
342	-2092.291	-2410.157	317.866	1.977466	5.79923	0.8175962
348	-2108.379	-2425.655	317.2765	2.078846	8.218657	0.7787526
354	-2108.396	-2425.762	317.3654	2.129655	7.448487	0.7915696
360	-2107.036	-2424.124	317.0875	1.841244	7.706688	1.295254
366	-2105.97	-2423.062	317.092	1.912285	7.270525	1.3051
372	-2091.061	-2408.274	317.2125	1.899195	7.070987	1.250991
378	-2106.106	-2422.772	316.6663	1.785171	10.84794	1.250991
384	-2097.183	-2414.063	316.8801	1.785171	8.195215	1.429734
390	-2100.162	-2416.863	316.7012	1.892251	10.88438	1.12364
396	-2091.774	-2409.021	317.2469	1.857929	7.654591	1.155118
402	-2096.941	-2414.048	317.1062	1.837641	8.528283	1.151962
408	-2102.912	-2420.68	317.768	2.035469	5.431271	0.9699326
414	-2109.505	-2427.332	317.827	2.124866	5.52372	0.7649822
420	-2108.099	-2425.493	317.3942	2.074709	7.421701	0.8325872
426	-2103.149	-2420.401	317.2515	2.08432	8.114004	0.8303997
432	-2119.78	-2437.01	317.2298	2.043162	8.114004	0.9046355
438	-2120.752	-2438.275	317.5236	1.973452	6.739107	0.9632216
444	-2116.091	-2433.351	317.2599	1.817189	7.953788	1.128084
450	-2120.797	-2438.242	317.4447	1.894671	7.125176	1.038278
456	-2113.273	-2430.295	317.0218	1.964781	9.496287	0.9519077
462	-2104.748	-2422.227	317.4791	1.964781	7.057172	0.9472369
468	-2097.401	-2414.597	317.1967	1.964781	8.374478	0.9723457
474	-2089.941	-2407.217	317.2763	1.963803	8.467327	0.867524
480	-2086.381	-2403.601	317.2201	1.98831	8.856822	0.8215769
486	-2084.069	-2401.244	317.175	2.17408	8.718239	0.6331149
492	-2086.463	-2403.566	317.1025	2.190362	9.037271	0.6346507
498	-2078.742	-2395.507	316.7644	2.31443	10.56176	0.5091428
504	-2080.944	-2398.015	317.0712	2.206579	9.245041	0.5762399
510	-2093.201	-2410.092	316.8913	2.157646	9.718688	0.8402689
516	-2103.771	-2420.82	317.0486	2.156124	9.278323	0.724319
522	-2102.759	-2419.832	317.0728	2.23036	9.019662	0.6165198
528	-2096.288	-2412.748	316.4601	2.432537	11.79112	0.4331492
534	-2085.554	-2402.469	316.9146	2.416884	8.912437	0.4217352
540	-2098.528	-2415.507	316.9786	2.352905	8.912437	0.4217352
546	-2096.612	-2413.885	317.2725	2.362307	7.367692	0.4868858
552	-2093.678	-2410.937	317.2593	2.362307	7.433714	0.4929784
558	-2090.96	-2407.832	316.8713	2.391427	9.397617	0.4929784
564	-2090.713	-2407.234	316.5203	2.391427	11.64421	0.4293441
570	-2098.992	-2415.846	316.8535	2.443245	9.178587	0.46297
576	-2100.497	-2417.616	317.119	2.533343	7.214255	0.4202149
582	-2096.613	-2413.742	317.1284	2.461171	7.567743	0.4502636
588	-2101.09	-2418.323	317.2326	2.394898	7.402586	0.4841947
594	-2092.46	-2409.45	316.9903	2.130094	10.20212	0.5867756
600	-2100.817	-2417.991	317.1735	2.134316	8.63856	0.7363579
606	-2103.839	-2421.138	317.2981	1.937749	8.678993	0.8264341
612	-2102.784	-2420.142	317.3584	1.965648	7.799472	0.9145581
618	-2091.834	-2409.373	317.5393	2.014912	7.148714	0.7947113
624	-2092.606	-2410.03	317.4237	2.070931	7.384058	0.8094628
630	-2095.109	-2412.144	317.0345	2.142357	9.621735	0.6736372
636	-2090.294	-2407.472	317.1787	2.166917	8.54736	0.7010303
642	-2092.671	-2409.747	317.0762	2.116543	9.311909	0.7344997
648	-2086.931	-2404.225	317.2945	2.020824	8.602916	0.7344997
654	-2084.164	-2401.619	317.4551	1.980193	7.864481	0.7602081
660	-2089.399	-2406.708	317.3088	2.112673	8.244213	0.6624694
666	-2098.377	-2415.592	317.2149	2.262539	8.172101	0.5229128
672	-2090.555	-2407.765	317.2096	2.262539	8.172101	0.5583861
678	-2096.611	-2413.637	317.0257	2.262539	9.208392	0.5583861
684	-2098.462	-2415.66	317.1985	2.223159	8.399969	0.5907251
690	-2094.855	-2412.098	317.243	2.223159	8.159154	0.5907251
696	-2109.539	-2426.726	317.1862	2.188408	8.685567	0.5756445
702	-2108.19	-2425.331	317.1412	2.224975	8.559821	0.6578013
708	-2128.658	-2446.263	317.605	2.224975	6.180359	0.7020995
714	-2115.656	-2432.838	317.1825	2.108057	8.856864	0.7014639
720	-2127.844	-2444.761	316.9166	2.153129	10.21519	0.697517
726	-2139.758	-2457.054	317.2961	1.931707	8.898177	0.7863348
732	-2116.693	-2434.008	317.3158	2.13202	7.945528	0.7168348
738	-2114.028	-2431.303	317.2749	2.159011	8.019673	0.7164043
744	-2099.3	-2416.545	317.2455	2.034753	8.959493	0.6880287
750	-2102.355	-2420.047	317.6926	2.115048	6.098783	0.7674394
756	-2099.994	-2416.933	316.9384	2.166254	9.785099	0.7506358
762	-2108.499	-2425.827	317.3274	1.928478	8.962841	0.7285498
768	-2099.451	-2416.62	317.1687	2.052307	9.019978	0.7662443
774	-2103.917	-2421.325	317.4079	2.061028	7.487227	0.8157608
780	-2099.159	-2416.528	317.3692	2.053146	8.032194	0.7312648
786	-2098.292	-2415.654	317.3627	1.983257	8.032194	0.8369813
792	-2101.173	-2418.372	317.199	1.913059	8.899035	0.9257274
798	-2090.57	-2407.739	317.1685	2.015339	8.713115	0.8818748
804	-2084.266	-2401.866	317.6005	2.048001	6.848834	0.7513594
810	-2088.645	-2406.007	317.3622	2.119523	7.65708	0.7513594
816	-2089.989	-2407.122	317.1327	1.972303	9.080693	0.8988936
822	-2110.67	-2427.845	317.1745	1.879491	7.455686	1.232901
828	-2110.629	-2427.978	317.3486	1.879491	7.128513	1.140491
834	-2128.027	-2445.254	317.2266	2.17597	8.384063	0.6480245
840	-2108.027	-2424.982	316.9553	1.78696	10.28221	1.070013
846	-2118.618	-2435.47	316.8522	1.730401	8.85428	1.401828
852	-2110.768	-2427.916	317.1477	1.675424	7.85595	1.356773
858	-2115.295	-2432.393	317.0982	1.661811	8.725799	1.278293
864	-2101.544	-2418.463	316.9192	1.671126	9.062514	1.367647
870	-2104.834	-2422.005	317.1716	1.680695	7.825259	1.338331
876	-2108.118	-2425.172	317.0538	1.747534	7.32051	1.456172
882	-2109.55	-2427.293	317.7433	1.76126	6.020208	1.115295
888	-2107.602	-2424.98	317.3778	1.674829	7.78244	1.178884
894	-2104.937	-2422.421	317.4838	1.868975	7.783292	0.8857373
900	-2116.611	-2434.17	317.5587	1.830032	7.558727	0.8951747
906	-2097.37	-2414.959	317.5896	1.764922	6.942237	1.060671
912	-2096.266	-2413.868	317.6019	1.842906	6.469959	1.073597
918	-2100.837	-2418.66	317.8233	1.73776	6.321335	0.9938778
924	-2097.57	-2415.544	317.9745	1.714896	5.592922	1.041731
930	-2101.021	-2419.045	318.0248	1.764558	4.59286	1.201583
936	-2104.885	-2422.549	317.6637	1.780662	5.619187	1.253377
942	-2112.294	-2430.142	317.848	1.614747	5.547347	1.253377
948	-2121.154	-2438.966	317.8118	1.706468	4.599978	1.419356
954	-2112.624	-2430.067	317.443	1.6624	6.170463	1.416488
960	-2108.202	-2426.19	317.9883	1.742704	4.791103	1.201377
966	-2115.631	-2433.279	317.6485	1.715558	5.024516	1.443429
972	-2123.929	-2441.686	317.7574	1.677976	4.874393	1.421217
978	-2122.836	-2440.561	317.7246	1.778562	5.529859	1.223249
984	-2124.226	-2441.899	317.6731	1.883264	6.486461	0.9600049
990	-2112.425	-2429.867	317.4418	1.91834	6.486461	1.147235
996	-2119.673	-2437.202	317.5293	1.808811	7.072986	1.049998
1002	-2104.429	-2421.847	317.4177	1.930392	7.072986	1.040411
1008	-2120.358	-2437.977	317.619	1.937908	5.818249	1.11253
1014	-2105.696	-2423.548	317.8525	1.760655	5.509217	1.132337
1020	-2103.676	-2421.017	317.3406	1.913992	7.425809	1.060116
1026	-2117.382	-2434.752	317.3699	1.884675	8.047159	0.9385281
1032	-2121.012	-2438.781	317.7696	1.875917	5.664717	1.066117
1038	-2114.031	-2431.59	317.5597	1.76428	7.406074	0.9965055
1044	-2111.474	-2429.006	317.5315	1.985126	7.219062	0.8247344
1050	-2111.042	-2428.356	317.3134	2.003649	7.990589	0.8809965
1056	-2116.702	-2434.141	317.4395	2.003649	7.430723	0.8618425
1062	-2114.206	-2431.905	317.6995	1.936721	6.088114	0.9731517
1068	-2111.529	-2428.873	317.3436	1.873083	8.350716	0.918363
1074	-2132.841	-2450.11	317.2695	2.072256	8.56053	0.7035019
1080	-2129.278	-2446.669	317.3911	2.006186	8.068801	0.7589253
1086	-2133.052	-2450.458	317.4063	2.02529	7.888596	0.7589253
1092	-2140.483	-2457.679	317.1953	1.973884	8.903859	0.859799
1098	-2131.114	-2448.57	317.4561	1.954696	7.600873	0.859799
1104	-2139.716	-2457.037	317.3216	1.912264	8.058948	0.9580743
1110	-2132.324	-2449.528	317.204	2.054712	9.135019	0.6717704
1116	-2119.98	-2437.257	317.2767	2.050088	8.765758	0.663552
1122	-2118.818	-2436.369	317.5511	1.943516	6.969111	0.9126342
1128	-2134.566	-2451.927	317.361	1.847268	8.015611	0.992747
1134	-2124.464	-2441.933	317.4686	1.917936	7.969042	0.8002639
1140	-2116.548	-2433.767	317.2195	2.062484	8.958707	0.6850663
1146	-2118.985	-2436.461	317.476	1.988895	7.461384	0.8275306
1152	-2116.638	-2433.643	317.0052	1.971482	10.24094	0.8275306
1158	-2130.244	-2447.406	317.1615	1.936538	8.453132	1.021599
1164	-2118.457	-2435.52	317.0635	2.321673	8.660034	0.5484619
1170	-2116.95	-2434.034	317.084	2.292341	8.676418	0.5752722
1176	-2120.775	-2438.218	317.4431	2.292341	6.885179	0.5190034
1182	-2121.205	-2438.422	317.2168	2.264076	8.11006	0.5708498
1188	-2101.749	-2418.909	317.1597	2.311777	8.11006	0.602571
1194	-2101.764	-2418.858	317.0945	2.308566	8.582793	0.4887662
1200	-2097.826	-2414.923	317.0971	2.306028	8.5779	0.5240773
1206	-2096.654	-2413.799	317.1444	2.25869	8.5779	0.5240773
1212	-2100.27	-2417.274	317.0035	2.260508	9.385781	0.4803376
1218	-2109.343	-2426.553	317.2103	2.260508	8.134745	0.5903603
1224	-2102.646	-2419.665	317.0193	2.183154	9.677189	0.5903603
1230	-2113.011	-2429.969	316.9578	2.252421	9.677189	0.5607339
1236	-2114.408	-2431.582	317.1738	2.192821	8.545628	0.6622011
1242	-2112.049	-2429.018	316.9686	2.145607	10.14047	0.630949
1248	-2119.711	-2436.532	316.8215	2.342877	9.887598	0.6036656
1254	-2092.451	-2409.184	316.7332	2.371191	10.39215	0.4882929
1260	-2092.737	-2410.14	317.4028	2.261607	7.186638	0.5657539
1266	-2117.88	-2435.257	317.377	2.181226	7.596426	0.6349809
1272	-2102.089	-2419.371	317.2816	2.133482	7.926743	0.7721822
1278	-2097.27	-2414.498	317.2283	1.920479	7.320487	1.175365
1284	-2096.546	-2413.635	317.0889	1.832422	8.505158	1.175365
1290	-2100.971	-2418.292	317.3213	1.750948	7.023887	1.291653
1296	-2090.57	-2407.776	317.2064	1.877716	8.29791	1.062223
1302	-2086.053	-2403.372	317.3195	1.933055	7.424853	1.062223
1308	-2097.102	-2414.358	317.2565	1.850157	7.424853	1.193467
1314	-2092.785	-2410.033	317.2472	1.938057	7.961972	1.025599
1320	-2104.802	-2422.262	317.4603	1.955393	6.966506	0.9961709
1326	-2113.77	-2431.108	317.3381	1.94581	7.873317	0.942588
1332	-2116.271	-2433.079	316.8079	1.595287	6.836506	1.816815
1338	-2126.011	-2442.307	316.2962	1.547241	10.20255	1.780115
1344	-2132.792	-2450.121	317.329	2.003958	7.781856	0.90854
1350	-2122.577	-2440.29	317.713	1.785552	5.963317	1.133056
1356	-2131.944	-2449.522	317.578	1.785552	6.233969	1.194943
1362	-2118.395	-2435.92	317.5247	1.781843	5.952858	1.298482
1368	-2122.814	-2440.713	317.8984	1.781843	5.00763	1.191992
1374	-2113.705	-2430.952	317.247	1.84076	7.29274	1.232424
1380	-2110.209	-2427.765	317.5561	2.011168	6.516509	0.9414307
1386	-2117.976	-2435.664	317.6875	1.947404	5.646334	1.080382
1392	-2108.969	-2426.377	317.4072	2.082732	7.519957	0.7787988
1398	-2095.171	-2412.568	317.397	1.973423	7.519957	0.9240428
1404	-2102.775	-2420.19	317.4149	1.91288	6.794224	1.114988
1410	-2110.613	-2428	317.3872	1.840039	7.146646	1.137843
1416	-2111.119	-2428.49	317.371	1.898272	7.237863	1.082404
1422	-2111.292	-2428.962	317.6695	1.923535	4.983831	1.271006
1428	-2112.912	-2430.574	317.6627	1.975614	6.194297	0.9446538
1434	-2120.738	-2437.24	316.5017	1.659181	8.503263	1.756682
1440	-2110.852	-2427.82	316.9679	1.674553	8.350706	1.425187
1446	-2114.64	-2431.804	317.1645	1.774524	8.076553	1.227891
1452	-2125.638	-2442.85	317.2114	1.979501	8.948351	0.8235941
1458	-2121.256	-2438.87	317.6146	2.115806	6.538398	0.7307132
1464	-2116.094	-2433.132	317.0371	2.158088	9.361624	0.7172109
1470	-2103.114	-2420.193	317.0797	2.167234	8.684292	0.8109141
1476	-2105.51	-2422.77	317.2604	2.055971	7.432666	0.9986826
1482	-2115.146	-2432.473	317.3265	2.016006	8.016441	0.8449225
1488	-2115.026	-2432.453	317.4273	2.010224	7.067463	0.9517276
1494	-2116.413	-2434.109	317.6955	2.105354	5.970015	0.8184944
1500	-2116.923	-2434.362	317.4385	2.073553	7.191441	0.8376632
1506	-2119.154	-2436.631	317.4767	2.035375	7.191441	0.8376632
1512	-2112.9	-2430.485	317.5857	2.042768	6.648651	0.8376632
1518	-2111.074	-2428.688	317.6134	2.042768	6.325989	0.8913659
1524	-2109.844	-2427.14	317.2957	1.962393	6.696724	1.195321
1530	-2110.697	-2428.44	317.7429	1.993018	5.518963	1.014927
1536	-2102.53	-2420.331	317.8015	1.950611	5.474822	1.010285
1542	-2121.646	-2439.145	317.4985	1.891889	7.37105	0.9350446
1548	-2113.561	-2431.013	317.4528	2.043375	7.633524	0.7364674
1554	-2111.803	-2428.995	317.1917	2.171004	8.079102	0.8042227
1560	-2105.787	-2423.127	317.3407	2.142907	7.532451	0.7841169
1566	-2103.858	-2421.346	317.4876	2.033225	6.885122	0.9034697
1572	-2105.94	-2423.226	317.2858	2.082089	7.315224	0.9706106
1578	-2122.495	-2439.797	317.3017	1.941787	8.071087	0.9455103
1584	-2116.04	-2433.305	317.2643	2.168523	8.071087	0.7017816
1590	-2097.297	-2414.809	317.5118	2.193957	6.686301	0.7172525
1596	-2102.699	-2420.235	317.5365	2.22902	6.48605	0.6913646
1602	-2093.439	-2410.791	317.3513	2.242971	7.37809	0.6524447
1608	-2091.68	-2409.089	317.4089	2.058795	7.456374	0.8253766
1614	-2093.139	-2410.663	317.5245	2.159037	6.810442	0.7089722
1620	-2098.359	-2415.634	317.2748	1.892791	7.208511	1.179011
1626	-2115.261	-2432.335	317.0741	1.802775	8.730525	1.179011
1632	-2110.178	-2427.684	317.5062	1.701371	6.116775	1.346411
1638	-2114.546	-2431.574	317.0277	1.598057	7.362054	1.58082
1644	-2125.008	-2441.842	316.834	1.678783	7.362054	1.662486
1650	-2114.93	-2431.833	316.9027	1.661306	6.299762	1.788729
1656	-2106.719	-2423.72	317.0004	1.611247	7.01637	1.643054
1662	-2103.94	-2421.068	317.1288	1.737885	7.01637	1.454671
1668	-2102.932	-2419.649	316.7177	1.712054	9.089735	1.487636
1674	-2100.816	-2417.414	316.5985	1.712632	9.461978	1.529605
1680	-2108.855	-2425.712	316.8567	1.756896	9.889099	1.238094
1686	-2113.494	-2430.288	316.7937	1.675047	8.701339	1.509021
1692	-2108.353	-2425.757	317.4032	1.717917	6.413571	1.360164
1698	-2111.519	-2429.062	317.5432	1.776005	5.702709	1.338062
1704	-2119.238	-2436.792	317.5547	1.717356	5.702709	1.375398
1710	-2137.497	-2454.436	316.938	1.693443	9.672681	1.252164
1716	-2128.964	-2445.818	316.8536	1.772726	8.545883	1.410295
1722	-2126.572	-2443.915	317.3431	1.847281	7.040232	1.189799
1728	-2108.812	-2426.075	317.2635	1.847281	7.513803	1.174334
1734	-2105.531	-2422.696	317.1649	1.795258	7.808657	1.253047
1740	-2103.79	-2420.743	316.9526	1.718882	8.956589	1.317506
1746	-2106.572	-2423.635	317.0632	1.829194	8.443874	1.209809
1752	-2109.212	-2426.268	317.0559	1.847144	8.976815	1.117761
1758	-2109.706	-2427.126	317.4203	1.664746	6.380217	1.394409
1764	-2097.605	-2414.742	317.1375	1.867309	7.648732	1.241871
1770	-2087.384	-2404.387	317.0027	1.853185	9.456018	1.086867
1776	-2106.672	-2424.162	317.4903	1.993176	6.800086	0.9634915
1782	-2126.986	-2444.565	317.5782	2.085314	6.800086	0.7446243
1788	-2122.687	-2440.041	317.3539	2.069712	7.545951	0.8575758
1794	-2139.86	-2457.134	317.2742	2.069712	8.229305	0.7917805
1800	-2132.937	-2449.574	316.6363	2.130017	12.34379	0.6969289
1806	-2126.203	-2442.99	316.7875	2.126794	11.13926	0.7270321
1812	-2104.677	-2421.654	316.9769	2.086583	10.14206	0.7270321
1818	-2099.044	-2416.099	317.055	2.103079	9.448602	0.7527796
1824	-2117.813	-2435.008	317.195	2.021854	8.89366	0.8021387
1830	-2114.517	-2431.795	317.2784	1.888083	8.632938	0.9174484
1836	-2099.023	-2416.396	317.3734	1.852812	7.137098	1.140578
1842	-2093.308	-2410.136	316.8283	1.779181	9.532015	1.290803
1848	-2092.783	-2409.616	316.8335	1.676107	8.486852	1.507212
1854	-2096.39	-2412.928	316.5382	1.558056	9.784455	1.64812
1860	-2091.531	-2408.386	316.8551	1.650189	6.9172	1.733654
1866	-2091.882	-2409.115	317.2328	1.6726	6.866745	1.449521
1872	-2108.005	-2425.356	317.3513	1.848403	7.989107	1.006305
1878	-2107.167	-2424.841	317.6741	1.843859	6.159226	1.072366
1884	-2098.311	-2415.673	317.3614	1.959619	7.633553	0.952762
1890	-2098.876	-2416.182	317.3064	1.937457	8.08561	0.9422066
1896	-2099.418	-2416.655	317.2376	2.029058	9.040433	0.6873512
1902	-2094.092	-2411.363	317.2713	2.136654	8.328955	0.6580675
1908	-2100.458	-2418.005	317.5463	2.172523	6.76374	0.662579
1914	-2115.872	-2433.453	317.5815	2.172523	6.610371	0.6597661
1920	-2102.903	-2420.317	317.4135	2.178575	7.427462	0.6349232
1926	-2106.82	-2424.136	317.3157	2.079728	8.168482	0.7333186
